TN:
SF:/home/naim/Projects/vuetify-material-dashboard/src/views/MainDashboard/Store/actions.js
FN:3,addCustomerData
FNF:1
FNH:0
FNDA:0,addCustomerData
DA:6,0
LF:1
LH:0
BRF:0
BRH:0
end_of_record
TN:
SF:/home/naim/Projects/vuetify-material-dashboard/src/views/MainDashboard/Store/getters.js
FN:5,getCustomersNames
FN:7,(anonymous_1)
FN:14,getCustomerData
FN:15,(anonymous_3)
FN:16,(anonymous_4)
FN:17,(anonymous_5)
FNF:6
FNH:6
FNDA:1,getCustomersNames
FNDA:1,(anonymous_1)
FNDA:1,getCustomerData
FNDA:1,(anonymous_3)
FNDA:1,(anonymous_4)
FNDA:1,(anonymous_5)
DA:6,1
DA:7,1
DA:8,1
DA:10,1
DA:15,1
DA:16,1
DA:17,1
DA:18,1
LF:8
LH:8
BRF:0
BRH:0
end_of_record
TN:
SF:/home/naim/Projects/vuetify-material-dashboard/src/views/MainDashboard/Store/mutations.js
FN:4,addTranscactionData
FN:12,(anonymous_1)
FNF:2
FNH:0
FNDA:0,addTranscactionData
FNDA:0,(anonymous_1)
DA:5,0
DA:7,0
DA:8,0
DA:9,0
DA:10,0
DA:11,0
DA:12,0
DA:13,0
DA:14,0
DA:15,0
DA:18,0
DA:19,0
LF:12
LH:0
BRDA:13,0,0,0
BRDA:13,0,1,0
BRF:2
BRH:0
end_of_record
TN:
SF:/home/naim/Projects/vuetify-material-dashboard/src/views/MainDashboard/Store/state.js
FNF:0
FNH:0
DA:1,1
LF:1
LH:1
BRF:0
BRH:0
end_of_record
TN:
SF:/home/naim/Projects/vuetify-material-dashboard/src/views/MainDashboard/components/GoodsIn.vue
FN:374,data
FN:401,customers
FN:407,get
FN:415,set
FN:430,created
FN:440,onSelectCustomer
FN:450,onEdit
FN:451,onDelete
FN:454,onSelectCategory
FN:458,onChangeCount
FN:470,onChangePrice
FN:495,onSubmit
FN:515,(anonymous_15)
FN:553,clear
FN:558,testRun
FNF:15
FNH:4
FNDA:1,data
FNDA:1,customers
FNDA:0,get
FNDA:0,set
FNDA:1,created
FNDA:1,onSelectCustomer
FNDA:0,onEdit
FNDA:0,onDelete
FNDA:0,onSelectCategory
FNDA:0,onChangeCount
FNDA:0,onChangePrice
FNDA:0,onSubmit
FNDA:0,(anonymous_15)
FNDA:0,clear
FNDA:0,testRun
DA:353,1
DA:355,1
DA:356,1
DA:359,1
DA:361,1
DA:375,1
DA:401,1
DA:408,0
DA:409,0
DA:412,0
DA:416,0
DA:431,1
DA:441,1
DA:445,1
DA:446,1
DA:447,1
DA:448,1
DA:455,0
DA:461,0
DA:463,0
DA:466,0
DA:471,0
DA:475,0
DA:477,0
DA:479,0
DA:482,0
DA:485,0
DA:488,0
DA:495,0
DA:496,0
DA:497,0
DA:498,0
DA:505,0
DA:507,0
DA:512,0
DA:513,0
DA:515,0
DA:516,0
DA:517,0
DA:519,0
DA:531,0
DA:533,0
DA:543,0
DA:545,0
DA:549,0
DA:550,0
DA:554,0
DA:559,0
LF:48
LH:13
BRDA:408,0,0,0
BRDA:408,0,1,0
BRDA:471,1,0,0
BRDA:471,1,1,0
BRDA:475,2,0,0
BRDA:475,2,1,0
BRDA:495,3,0,0
BRDA:495,3,1,0
BRDA:495,3,2,0
BRDA:495,3,3,0
BRDA:497,4,0,0
BRDA:497,4,1,0
BRF:12
BRH:0
end_of_record
